<?xml version="1.0" encoding="UTF-8"?>
<!-- Generated by org.testng.reporters.JUnitReportReporter -->
<testsuite hostname="sansidson-PC" failures="0" tests="1" name="Testcases.CountrywiseProductDetailslinkvalidity" time="35.685" errors="0" timestamp="2022-09-15T17:19:42 IST" skipped="0">
  <testcase classname="Testcases.CountrywiseProductDetailslinkvalidity" name="linkvalidity" time="35.685"/>
  <system-out/>
</testsuite> <!-- Testcases.CountrywiseProductDetailslinkvalidity -->
