<?xml version="1.0" encoding="UTF-8"?>
<!-- Generated by org.testng.reporters.JUnitReportReporter -->
<testsuite hostname="sansidson-PC" failures="0" tests="1" name="Testcases.CountrywiseLangselectlinkvalidity" time="40.565" errors="0" timestamp="2022-09-15T17:06:42 IST" skipped="0">
  <testcase classname="Testcases.CountrywiseLangselectlinkvalidity" name="linkvalidity" time="40.565"/>
  <system-out/>
</testsuite> <!-- Testcases.CountrywiseLangselectlinkvalidity -->
