<?xml version="1.0" encoding="UTF-8"?>
<!-- Generated by org.testng.reporters.JUnitReportReporter -->
<testsuite hostname="sansidson-PC" failures="0" tests="1" name="Testcases.signuptestcase" time="33.027" errors="0" timestamp="2022-08-31T19:56:55 IST" skipped="0">
  <testcase classname="Testcases.signuptestcase" name="signup" time="33.027"/>
  <system-out/>
</testsuite> <!-- Testcases.signuptestcase -->
