<?xml version="1.0" encoding="UTF-8"?>
<!-- Generated by org.testng.reporters.JUnitReportReporter -->
<testsuite hostname="sansidson-PC" failures="0" tests="1" name="Testcases.signuptestcase" time="62.602" errors="0" timestamp="2022-09-15T16:29:52 IST" skipped="0">
  <testcase classname="Testcases.signuptestcase" name="signup" time="62.602"/>
  <system-out/>
</testsuite> <!-- Testcases.signuptestcase -->
