<?xml version="1.0" encoding="UTF-8"?>
<!-- Generated by org.testng.reporters.JUnitReportReporter -->
<testsuite hostname="sansidson-PC" failures="0" tests="1" name="Testcases.verifylogintestcase" time="13.306" errors="0" timestamp="2022-10-16T17:34:48 IST" skipped="0">
  <testcase classname="Testcases.verifylogintestcase" name="login" time="13.306"/>
  <system-out/>
</testsuite> <!-- Testcases.verifylogintestcase -->
