<?xml version="1.0" encoding="UTF-8"?>
<!-- Generated by org.testng.reporters.JUnitReportReporter -->
<testsuite hostname="sansidson-PC" failures="0" tests="1" name="Testcases.CountrywiseProductDetailslinkvalidity" time="32.116" errors="0" timestamp="2022-10-16T17:34:19 IST" skipped="0">
  <testcase classname="Testcases.CountrywiseProductDetailslinkvalidity" name="linkvalidity" time="32.116"/>
  <system-out/>
</testsuite> <!-- Testcases.CountrywiseProductDetailslinkvalidity -->
