<?xml version="1.0" encoding="UTF-8"?>
<!-- Generated by org.testng.reporters.JUnitReportReporter -->
<testsuite hostname="sansidson-PC" failures="0" tests="1" name="Testcases.signuptestcase" time="22.638" errors="0" timestamp="2022-10-16T17:35:26 IST" skipped="0">
  <testcase classname="Testcases.signuptestcase" name="signup" time="22.638"/>
  <system-out/>
</testsuite> <!-- Testcases.signuptestcase -->
